2024-04-03 14:58:29 dev [[32minfo[39m]: Node-Express application is running in port 3100
2024-04-03 14:58:29 dev [[33mwarn[39m]: Node-Express application is running in port 3100
2024-04-03 14:58:29 dev [[31merror[39m]: Node-Express application is running in port 3100
2024-04-03 14:58:29 dev [[34mdebug[39m]: Node-Express application is running in port 3100
2024-04-03 14:59:20 dev [[31merror[39m]: Internal Server Error: Invalid credentials.
2024-04-03 15:00:51 dev [[31merror[39m]: Internal Server Error: Invalid credentials.
2024-04-03 15:01:19 dev [[31merror[39m]: Internal Server Error: Invalid credentials.
2024-04-03 15:01:33 dev [[31merror[39m]: Internal Server Error: Invalid credentials.
2024-04-05 11:05:35 dev [[31merror[39m]: Internal Server Error: Inaccessible host: `dynamodb.ap-southeast-1.amazonaws.com' at port `undefined'. This service may not be available in the `ap-southeast-1' region.
2024-04-05 11:05:57 dev [[31merror[39m]: Internal Server Error: Inaccessible host: `dynamodb.ap-southeast-1.amazonaws.com' at port `undefined'. This service may not be available in the `ap-southeast-1' region.
2024-04-05 11:06:36 dev [[31merror[39m]: Internal Server Error: Inaccessible host: `dynamodb.ap-southeast-1.amazonaws.com' at port `undefined'. This service may not be available in the `ap-southeast-1' region.
2024-04-05 11:06:50 dev [[31merror[39m]: Internal Server Error: Inaccessible host: `dynamodb.ap-southeast-1.amazonaws.com' at port `undefined'. This service may not be available in the `ap-southeast-1' region.
2024-04-05 11:07:26 dev [[31merror[39m]: Internal Server Error: Inaccessible host: `dynamodb.ap-southeast-1.amazonaws.com' at port `undefined'. This service may not be available in the `ap-southeast-1' region.
2024-04-05 11:08:06 dev [[31merror[39m]: Internal Server Error: Inaccessible host: `dynamodb.ap-southeast-1.amazonaws.com' at port `undefined'. This service may not be available in the `ap-southeast-1' region.
2024-04-05 11:08:14 dev [[31merror[39m]: Internal Server Error: Inaccessible host: `dynamodb.ap-southeast-1.amazonaws.com' at port `undefined'. This service may not be available in the `ap-southeast-1' region.
2024-04-05 11:08:14 dev [[31merror[39m]: Internal Server Error: Inaccessible host: `dynamodb.ap-southeast-1.amazonaws.com' at port `undefined'. This service may not be available in the `ap-southeast-1' region.
2024-04-05 11:50:02 dev [[31merror[39m]: Internal Server Error: Invalid credentials.
2024-04-05 11:50:26 dev [[31merror[39m]: Internal Server Error: Invalid credentials.
2024-04-05 17:59:55 dev [[31merror[39m]: Internal Server Error: Invalid credentials.
2024-04-05 18:06:49 dev [[31merror[39m]: Internal Server Error: Invalid credentials
2024-04-05 18:07:10 dev [[31merror[39m]: Internal Server Error: Invalid credentials
2024-04-05 18:09:25 dev [[31merror[39m]: Error: Invalid credentials
2024-04-05 18:09:43 dev [[31merror[39m]: Error: Invalid credentials
2024-04-05 18:10:07 dev [[31merror[39m]: Error: Invalid credentials
2024-04-05 18:10:59 dev [[31merror[39m]: Error: Invalid credentials
2024-04-05 18:11:28 dev [[31merror[39m]: Error: Invalid credentials
2024-04-05 18:12:25 dev [[31merror[39m]: Error: Invalid credentials
2024-04-05 18:13:25 dev [[31merror[39m]: Error: Invalid credentials
2024-04-05 18:15:06 dev [[31merror[39m]: Error: Invalid credentials
2024-04-05 18:16:09 dev [[31merror[39m]: Error: Invalid credentials
2024-04-05 18:18:01 dev [[31merror[39m]: Error: Invalid credentials
2024-04-05 18:19:08 dev [[31merror[39m]: Error: Invalid credentials
2024-04-05 18:19:36 dev [[31merror[39m]: Error: Invalid credentials
2024-04-05 18:24:48 dev [[31merror[39m]: Error: Invalid credentials
2024-04-05 18:27:31 dev [[31merror[39m]: Error: Invalid credentials
2024-04-05 18:28:01 dev [[31merror[39m]: Error: Invalid credentials
2024-04-05 18:28:31 dev [[31merror[39m]: Error: Invalid credentials.
2024-04-05 18:28:37 dev [[31merror[39m]: Error: Invalid credentials.
2024-04-06 08:26:53 dev [[31merror[39m]: Error: Invalid credentials.
